0 info it worked if it ends with ok
1 verbose cli [ '/usr/bin/node', '/usr/bin/npm', 'run', 'start:api' ]
2 info using npm@3.5.2
3 info using node@v8.10.0
4 verbose run-script [ 'prestart:api', 'start:api', 'poststart:api' ]
5 info lifecycle fe-skill-test-recipe-api@1.0.0~prestart:api: fe-skill-test-recipe-api@1.0.0
6 silly lifecycle fe-skill-test-recipe-api@1.0.0~prestart:api: no script for prestart:api, continuing
7 info lifecycle fe-skill-test-recipe-api@1.0.0~start:api: fe-skill-test-recipe-api@1.0.0
8 verbose lifecycle fe-skill-test-recipe-api@1.0.0~start:api: unsafe-perm in lifecycle true
9 verbose lifecycle fe-skill-test-recipe-api@1.0.0~start:api: PATH: /usr/share/npm/bin/node-gyp-bin:/home/lacy/react/portfolio/src/server/node_modules/.bin:/home/lacy/.vscode-server/bin/6ab598523be7a800d7f3eb4d92d7ab9a66069390/bin:/home/lacy/.vscode-server/bin/6ab598523be7a800d7f3eb4d92d7ab9a66069390/bin:/usr/local/sbin:/usr/local/bin:/usr/sbin:/usr/bin:/sbin:/bin:/usr/games:/usr/local/games:/snap/bin
10 verbose lifecycle fe-skill-test-recipe-api@1.0.0~start:api: CWD: /home/lacy/react/portfolio/src/server
11 silly lifecycle fe-skill-test-recipe-api@1.0.0~start:api: Args: [ '-c', 'json-server --watch data.json --id uuid --port 3001' ]
12 silly lifecycle fe-skill-test-recipe-api@1.0.0~start:api: Returned: code: 1  signal: null
13 info lifecycle fe-skill-test-recipe-api@1.0.0~start:api: Failed to exec start:api script
14 verbose stack Error: fe-skill-test-recipe-api@1.0.0 start:api: `json-server --watch data.json --id uuid --port 3001`
14 verbose stack Exit status 1
14 verbose stack     at EventEmitter.<anonymous> (/usr/share/npm/lib/utils/lifecycle.js:232:16)
14 verbose stack     at emitTwo (events.js:126:13)
14 verbose stack     at EventEmitter.emit (events.js:214:7)
14 verbose stack     at ChildProcess.<anonymous> (/usr/share/npm/lib/utils/spawn.js:24:14)
14 verbose stack     at emitTwo (events.js:126:13)
14 verbose stack     at ChildProcess.emit (events.js:214:7)
14 verbose stack     at maybeClose (internal/child_process.js:925:16)
14 verbose stack     at Process.ChildProcess._handle.onexit (internal/child_process.js:209:5)
15 verbose pkgid fe-skill-test-recipe-api@1.0.0
16 verbose cwd /home/lacy/react/portfolio/src/server
17 error Linux 4.15.0-65-generic
18 error argv "/usr/bin/node" "/usr/bin/npm" "run" "start:api"
19 error node v8.10.0
20 error npm  v3.5.2
21 error code ELIFECYCLE
22 error fe-skill-test-recipe-api@1.0.0 start:api: `json-server --watch data.json --id uuid --port 3001`
22 error Exit status 1
23 error Failed at the fe-skill-test-recipe-api@1.0.0 start:api script 'json-server --watch data.json --id uuid --port 3001'.
23 error Make sure you have the latest version of node.js and npm installed.
23 error If you do, this is most likely a problem with the fe-skill-test-recipe-api package,
23 error not with npm itself.
23 error Tell the author that this fails on your system:
23 error     json-server --watch data.json --id uuid --port 3001
23 error You can get information on how to open an issue for this project with:
23 error     npm bugs fe-skill-test-recipe-api
23 error Or if that isn't available, you can get their info via:
23 error     npm owner ls fe-skill-test-recipe-api
23 error There is likely additional logging output above.
24 verbose exit [ 1, true ]
